<?xml version="1.0" encoding="UTF-8"?>
<testng-results ignored="0" total="1" passed="1" failed="0" skipped="0">
  <reporter-output>
  </reporter-output>
  <suite started-at="2024-07-20T17:19:03Z" name="Default suite" finished-at="2024-07-20T17:19:08Z" duration-ms="5001">
    <groups>
    </groups>
    <test started-at="2024-07-20T17:19:03Z" name="Default test" finished-at="2024-07-20T17:19:08Z" duration-ms="5001">
      <class name="testing.Test_Selenium">
        <test-method signature="f()[pri:0, instance:testing.Test_Selenium@327bcebd]" started-at="2024-07-20T11:19:03Z" name="f" finished-at="2024-07-20T11:19:08Z" duration-ms="4919" status="PASS">
          <reporter-output>
          </reporter-output>
        </test-method> <!-- f -->
      </class> <!-- testing.Test_Selenium -->
    </test> <!-- Default test -->
  </suite> <!-- Default suite -->
</testng-results>
